Build started 5/29/2015 1:03:42 AM.
     1>Project "C:\Users\HP Phoenix\Documents\Visual Studio 2013\Projects\TickTacToe\TickTacToe\TickTacToe.vcxproj" on node 2 (Build target(s)).
     1>ClCompile:
         C:\Program Files (x86)\Microsoft Visual Studio 12.0\VC\bin\CL.exe /c /Zi /nologo /W3 /WX- /sdl /O2 /Oi /Oy- /GL /D WIN32 /D NDEBUG /D _CONSOLE /D _LIB /D _UNICODE /D UNICODE /Gm- /EHsc /MD /GS /Gy /fp:precise /Zc:wchar_t /Zc:forScope /Yc"stdafx.h" /Fp"Release\TickTacToe.pch" /Fo"Release\\" /Fd"Release\vc120.pdb" /Gd /TP /analyze- /errorReport:prompt stdafx.cpp
         stdafx.cpp
         C:\Program Files (x86)\Microsoft Visual Studio 12.0\VC\bin\CL.exe /c /Zi /nologo /W3 /WX- /sdl /O2 /Oi /Oy- /GL /D WIN32 /D NDEBUG /D _CONSOLE /D _LIB /D _UNICODE /D UNICODE /Gm- /EHsc /MD /GS /Gy /fp:precise /Zc:wchar_t /Zc:forScope /Yu"stdafx.h" /Fp"Release\TickTacToe.pch" /Fo"Release\\" /Fd"Release\vc120.pdb" /Gd /TP /analyze- /errorReport:prompt Game.cpp TickTacToe.cpp
         Game.cpp
     1>Game.cpp(136): warning C4018: '<' : signed/unsigned mismatch
     1>Game.cpp(174): warning C4018: '<' : signed/unsigned mismatch
     1>Game.cpp(180): warning C4018: '<' : signed/unsigned mismatch
     1>Game.cpp(318): warning C4244: 'argument' : conversion from 'time_t' to 'unsigned int', possible loss of data
         TickTacToe.cpp
       Link:
         C:\Program Files (x86)\Microsoft Visual Studio 12.0\VC\bin\link.exe /ERRORREPORT:PROMPT /OUT:"C:\Users\HP Phoenix\Documents\Visual Studio 2013\Projects\TickTacToe\Release\TickTacToe.exe" /INCREMENTAL:NO /NOLOGO kernel32.lib user32.lib gdi32.lib winspool.lib comdlg32.lib advapi32.lib shell32.lib ole32.lib oleaut32.lib uuid.lib odbc32.lib odbccp32.lib /MANIFEST /MANIFESTUAC:"level='asInvoker' uiAccess='false'" /manifest:embed /DEBUG /PDB:"C:\Users\HP Phoenix\Documents\Visual Studio 2013\Projects\TickTacToe\Release\TickTacToe.pdb" /SUBSYSTEM:CONSOLE /OPT:REF /OPT:ICF /LTCG /TLBID:1 /DYNAMICBASE /NXCOMPAT /IMPLIB:"C:\Users\HP Phoenix\Documents\Visual Studio 2013\Projects\TickTacToe\Release\TickTacToe.lib" /MACHINE:X86 /SAFESEH Release\Game.obj
         Release\stdafx.obj
         Release\TickTacToe.obj
         Generating code
         Finished generating code
         TickTacToe.vcxproj -> C:\Users\HP Phoenix\Documents\Visual Studio 2013\Projects\TickTacToe\Release\TickTacToe.exe
     1>Done Building Project "C:\Users\HP Phoenix\Documents\Visual Studio 2013\Projects\TickTacToe\TickTacToe\TickTacToe.vcxproj" (Build target(s)).

Build succeeded.

Time Elapsed 00:00:01.44
